22.12.2025, 15:57:25 - INFO - server.js loaded... 
22.12.2025, 15:57:25 - INFO - Server is running on port: 3030 
22.12.2025, 15:57:41 - ERROR - Failed to get toys | TypeError: Cannot read properties of undefined (reading 'split') 
22.12.2025, 15:57:41 - ERROR - Failed to get toys | TypeError: Cannot read properties of undefined (reading 'split') 
22.12.2025, 16:06:55 - ERROR - Failed to get toys | TypeError: Cannot read properties of undefined (reading 'split') 
22.12.2025, 16:06:55 - ERROR - Failed to get toys | TypeError: Cannot read properties of undefined (reading 'split') 
22.12.2025, 16:20:18 - INFO - server.js loaded... 
22.12.2025, 16:20:19 - INFO - Server is running on port: 3030 
22.12.2025, 16:20:21 - ERROR - Failed to get toys | ReferenceError: labels is not defined 
22.12.2025, 16:20:22 - ERROR - Failed to get toys | ReferenceError: labels is not defined 
22.12.2025, 16:20:29 - ERROR - Failed to get toys | ReferenceError: labels is not defined 
22.12.2025, 16:20:30 - ERROR - Failed to get toys | ReferenceError: labels is not defined 
22.12.2025, 16:20:36 - ERROR - Failed to get toys | ReferenceError: labels is not defined 
22.12.2025, 16:20:37 - ERROR - Failed to get toys | ReferenceError: labels is not defined 
22.12.2025, 16:20:51 - INFO - server.js loaded... 
22.12.2025, 16:20:51 - INFO - Server is running on port: 3030 
22.12.2025, 16:20:54 - ERROR - Failed to get toys | ReferenceError: labels is not defined 
22.12.2025, 16:20:55 - ERROR - Failed to get toys | ReferenceError: labels is not defined 
22.12.2025, 16:21:28 - INFO - server.js loaded... 
22.12.2025, 16:21:28 - INFO - Server is running on port: 3030 
22.12.2025, 16:21:31 - ERROR - Failed to get toys | ReferenceError: labels is not defined 
22.12.2025, 16:21:31 - ERROR - Failed to get toys | ReferenceError: labels is not defined 
22.12.2025, 16:21:54 - INFO - server.js loaded... 
22.12.2025, 16:21:54 - INFO - Server is running on port: 3030 
22.12.2025, 16:21:56 - ERROR - Failed to get toys | ReferenceError: labels is not defined 
22.12.2025, 16:21:57 - ERROR - Failed to get toys | ReferenceError: labels is not defined 
22.12.2025, 16:25:55 - INFO - server.js loaded... 
22.12.2025, 16:25:55 - INFO - Server is running on port: 3030 
22.12.2025, 16:25:59 - ERROR - Failed to get toys | ReferenceError: labels is not defined 
22.12.2025, 16:25:59 - ERROR - Failed to get toys | ReferenceError: labels is not defined 
22.12.2025, 16:26:13 - INFO - server.js loaded... 
22.12.2025, 16:26:13 - INFO - Server is running on port: 3030 
22.12.2025, 16:29:43 - ERROR - Failed to get toys | ReferenceError: labels is not defined 
22.12.2025, 16:29:43 - ERROR - Failed to get toys | ReferenceError: labels is not defined 
22.12.2025, 16:29:46 - ERROR - Failed to get toys | ReferenceError: labels is not defined 
22.12.2025, 16:29:46 - ERROR - Failed to get toys | ReferenceError: labels is not defined 
22.12.2025, 16:32:44 - INFO - server.js loaded... 
22.12.2025, 16:32:44 - INFO - Server is running on port: 3030 
22.12.2025, 16:32:46 - ERROR - Failed to get toys | ReferenceError: labels is not defined 
22.12.2025, 16:32:47 - ERROR - Failed to get toys | ReferenceError: labels is not defined 
22.12.2025, 16:33:17 - ERROR - Failed to get toys | ReferenceError: labels is not defined 
22.12.2025, 16:33:17 - ERROR - Failed to get toys | ReferenceError: labels is not defined 
22.12.2025, 16:35:24 - INFO - server.js loaded... 
22.12.2025, 16:35:24 - INFO - Server is running on port: 3030 
22.12.2025, 16:35:28 - INFO - server.js loaded... 
22.12.2025, 16:35:28 - INFO - Server is running on port: 3030 
22.12.2025, 16:35:30 - ERROR - Failed to get toys | ReferenceError: labels is not defined 
22.12.2025, 16:35:30 - ERROR - Failed to get toys | ReferenceError: labels is not defined 
22.12.2025, 16:39:48 - INFO - server.js loaded... 
22.12.2025, 16:39:48 - INFO - Server is running on port: 3030 
22.12.2025, 16:40:30 - INFO - server.js loaded... 
22.12.2025, 16:40:30 - INFO - Server is running on port: 3030 
22.12.2025, 16:41:29 - INFO - server.js loaded... 
22.12.2025, 16:41:29 - INFO - Server is running on port: 3030 
22.12.2025, 16:41:53 - INFO - server.js loaded... 
22.12.2025, 16:41:53 - INFO - Server is running on port: 3030 
22.12.2025, 16:42:38 - INFO - server.js loaded... 
22.12.2025, 16:42:38 - INFO - Server is running on port: 3030 
22.12.2025, 16:43:41 - INFO - server.js loaded... 
22.12.2025, 16:43:41 - INFO - Server is running on port: 3030 
22.12.2025, 16:44:05 - INFO - server.js loaded... 
22.12.2025, 16:44:05 - INFO - Server is running on port: 3030 
22.12.2025, 16:44:15 - INFO - server.js loaded... 
22.12.2025, 16:44:16 - INFO - Server is running on port: 3030 
22.12.2025, 16:44:29 - INFO - server.js loaded... 
22.12.2025, 16:44:29 - INFO - Server is running on port: 3030 
22.12.2025, 16:44:47 - INFO - server.js loaded... 
22.12.2025, 16:44:47 - INFO - Server is running on port: 3030 
22.12.2025, 16:46:51 - INFO - server.js loaded... 
22.12.2025, 16:46:51 - INFO - Server is running on port: 3030 
22.12.2025, 16:47:43 - INFO - server.js loaded... 
22.12.2025, 16:47:43 - INFO - Server is running on port: 3030 
22.12.2025, 16:47:49 - ERROR - Failed to get toys | SyntaxError: Unexpected end of JSON input 
22.12.2025, 16:47:49 - ERROR - Failed to get toys | SyntaxError: Unexpected end of JSON input 
22.12.2025, 16:48:28 - INFO - server.js loaded... 
22.12.2025, 16:48:28 - INFO - Server is running on port: 3030 
22.12.2025, 16:49:17 - INFO - server.js loaded... 
22.12.2025, 16:49:17 - INFO - Server is running on port: 3030 
22.12.2025, 16:49:56 - INFO - server.js loaded... 
22.12.2025, 16:49:56 - INFO - Server is running on port: 3030 
22.12.2025, 16:50:21 - INFO - server.js loaded... 
22.12.2025, 16:50:21 - INFO - Server is running on port: 3030 
22.12.2025, 16:54:19 - INFO - server.js loaded... 
22.12.2025, 16:54:19 - INFO - Server is running on port: 3030 
22.12.2025, 16:55:03 - INFO - server.js loaded... 
22.12.2025, 16:55:03 - INFO - Server is running on port: 3030 
22.12.2025, 16:56:21 - INFO - server.js loaded... 
22.12.2025, 16:56:21 - INFO - Server is running on port: 3030 
22.12.2025, 16:56:29 - ERROR - cannot find toys | TypeError: collection.toArray is not a function 
22.12.2025, 16:56:29 - ERROR - Failed to get toys | TypeError: collection.toArray is not a function 
22.12.2025, 16:56:29 - ERROR - cannot find toys | TypeError: collection.toArray is not a function 
22.12.2025, 16:56:29 - ERROR - Failed to get toys | TypeError: collection.toArray is not a function 
22.12.2025, 16:56:54 - INFO - server.js loaded... 
22.12.2025, 16:56:54 - INFO - Server is running on port: 3030 
22.12.2025, 16:58:48 - INFO - server.js loaded... 
22.12.2025, 16:58:48 - INFO - Server is running on port: 3030 
22.12.2025, 16:59:05 - INFO - server.js loaded... 
22.12.2025, 16:59:05 - INFO - Server is running on port: 3030 
22.12.2025, 17:02:09 - INFO - server.js loaded... 
22.12.2025, 17:02:09 - INFO - Server is running on port: 3030 
22.12.2025, 17:02:43 - INFO - server.js loaded... 
22.12.2025, 17:02:43 - INFO - Server is running on port: 3030 
22.12.2025, 17:03:17 - INFO - server.js loaded... 
22.12.2025, 17:03:17 - INFO - Server is running on port: 3030 
22.12.2025, 17:03:36 - INFO - server.js loaded... 
22.12.2025, 17:03:36 - INFO - Server is running on port: 3030 
22.12.2025, 17:03:49 - INFO - server.js loaded... 
22.12.2025, 17:03:49 - INFO - Server is running on port: 3030 
22.12.2025, 17:05:02 - INFO - server.js loaded... 
22.12.2025, 17:05:02 - INFO - Server is running on port: 3030 
22.12.2025, 17:05:46 - INFO - server.js loaded... 
22.12.2025, 17:05:46 - INFO - Server is running on port: 3030 
22.12.2025, 17:06:00 - INFO - server.js loaded... 
22.12.2025, 17:06:00 - INFO - Server is running on port: 3030 
22.12.2025, 17:06:45 - INFO - server.js loaded... 
22.12.2025, 17:06:45 - INFO - Server is running on port: 3030 
23.12.2025, 12:03:47 - ERROR - Failed to remove toy | BSONError: hex string must be 24 characters 
23.12.2025, 12:03:47 - ERROR - cannot remove toy t101 | BSONError: hex string must be 24 characters 
23.12.2025, 12:11:05 - INFO - server.js loaded... 
23.12.2025, 12:11:05 - INFO - Server is running on port: 3030 
23.12.2025, 12:25:26 - INFO - server.js loaded... 
23.12.2025, 12:25:26 - INFO - Server is running on port: 3030 
23.12.2025, 12:32:17 - INFO - server.js loaded... 
23.12.2025, 12:32:17 - INFO - Server is running on port: 3030 
23.12.2025, 12:42:09 - INFO - server.js loaded... 
23.12.2025, 12:42:09 - INFO - Server is running on port: 3030 
23.12.2025, 12:42:55 - INFO - server.js loaded... 
23.12.2025, 12:42:55 - INFO - Server is running on port: 3030 
23.12.2025, 12:42:59 - ERROR - Failed to get toys | SyntaxError: Unexpected end of JSON input 
23.12.2025, 12:43:00 - ERROR - Failed to get toys | SyntaxError: Unexpected end of JSON input 
23.12.2025, 12:43:06 - ERROR - Failed to get toys | SyntaxError: Unexpected end of JSON input 
23.12.2025, 12:43:06 - ERROR - Failed to get toys | SyntaxError: Unexpected end of JSON input 
23.12.2025, 12:43:33 - INFO - server.js loaded... 
23.12.2025, 12:43:33 - INFO - Server is running on port: 3030 
23.12.2025, 12:43:47 - INFO - server.js loaded... 
23.12.2025, 12:43:47 - INFO - Server is running on port: 3030 
23.12.2025, 12:45:03 - INFO - server.js loaded... 
23.12.2025, 12:45:03 - INFO - Server is running on port: 3030 
23.12.2025, 12:45:39 - INFO - server.js loaded... 
23.12.2025, 12:45:39 - INFO - Server is running on port: 3030 
23.12.2025, 12:46:11 - INFO - server.js loaded... 
23.12.2025, 12:46:11 - INFO - Server is running on port: 3030 
23.12.2025, 12:46:37 - INFO - server.js loaded... 
23.12.2025, 12:46:37 - INFO - Server is running on port: 3030 
23.12.2025, 12:47:05 - INFO - server.js loaded... 
23.12.2025, 12:47:05 - INFO - Server is running on port: 3030 
23.12.2025, 12:47:37 - INFO - server.js loaded... 
23.12.2025, 12:47:37 - INFO - Server is running on port: 3030 
23.12.2025, 12:49:14 - INFO - server.js loaded... 
23.12.2025, 12:49:14 - INFO - Server is running on port: 3030 
23.12.2025, 12:54:11 - INFO - server.js loaded... 
23.12.2025, 12:54:11 - INFO - Server is running on port: 3030 
23.12.2025, 12:56:50 - INFO - server.js loaded... 
23.12.2025, 12:56:50 - INFO - Server is running on port: 3030 
23.12.2025, 12:58:24 - INFO - Server is running on port: 3030 
23.12.2025, 12:58:24 - INFO - server.js loaded... 
23.12.2025, 12:58:29 - ERROR - Failed to get toys | TypeError: Cannot destructure property 'name' of 'req.body' as it is undefined. 
23.12.2025, 12:58:29 - ERROR - Failed to get toys | TypeError: Cannot destructure property 'name' of 'req.body' as it is undefined. 
23.12.2025, 12:58:35 - ERROR - Failed to get toys | TypeError: Cannot destructure property 'name' of 'req.body' as it is undefined. 
23.12.2025, 12:58:35 - ERROR - Failed to get toys | TypeError: Cannot destructure property 'name' of 'req.body' as it is undefined. 
23.12.2025, 12:58:41 - INFO - server.js loaded... 
23.12.2025, 12:58:41 - INFO - Server is running on port: 3030 
23.12.2025, 13:00:24 - INFO - server.js loaded... 
23.12.2025, 13:00:24 - INFO - Server is running on port: 3030 
23.12.2025, 13:00:29 - ERROR - Failed to get toys | TypeError: Cannot destructure property 'labels' of 'req.body' as it is undefined. 
23.12.2025, 13:00:29 - ERROR - Failed to get toys | TypeError: Cannot destructure property 'labels' of 'req.body' as it is undefined. 
23.12.2025, 13:00:40 - INFO - server.js loaded... 
23.12.2025, 13:00:40 - INFO - Server is running on port: 3030 
23.12.2025, 13:00:48 - INFO - server.js loaded... 
23.12.2025, 13:00:48 - INFO - Server is running on port: 3030 
23.12.2025, 13:02:26 - INFO - server.js loaded... 
23.12.2025, 13:02:26 - INFO - Server is running on port: 3030 
23.12.2025, 13:02:34 - ERROR - Failed to get toys | TypeError: Cannot read properties of undefined (reading 'split') 
23.12.2025, 13:02:34 - ERROR - Failed to get toys | TypeError: Cannot read properties of undefined (reading 'split') 
23.12.2025, 13:02:53 - INFO - server.js loaded... 
23.12.2025, 13:02:53 - INFO - Server is running on port: 3030 
23.12.2025, 13:03:49 - INFO - server.js loaded... 
23.12.2025, 13:03:49 - INFO - Server is running on port: 3030 
23.12.2025, 13:03:58 - ERROR - Failed to get toys | TypeError: labels.split is not a function 
23.12.2025, 13:04:18 - INFO - server.js loaded... 
23.12.2025, 13:04:18 - INFO - Server is running on port: 3030 
23.12.2025, 13:04:22 - INFO - server.js loaded... 
23.12.2025, 13:04:23 - INFO - Server is running on port: 3030 
23.12.2025, 13:06:35 - INFO - server.js loaded... 
23.12.2025, 13:06:35 - INFO - Server is running on port: 3030 
23.12.2025, 13:06:39 - INFO - server.js loaded... 
23.12.2025, 13:06:39 - INFO - Server is running on port: 3030 
23.12.2025, 13:06:53 - INFO - server.js loaded... 
23.12.2025, 13:06:53 - INFO - Server is running on port: 3030 
23.12.2025, 13:07:38 - INFO - server.js loaded... 
23.12.2025, 13:07:38 - INFO - Server is running on port: 3030 
23.12.2025, 13:10:31 - INFO - server.js loaded... 
23.12.2025, 13:10:31 - INFO - Server is running on port: 3030 
23.12.2025, 13:10:49 - INFO - server.js loaded... 
23.12.2025, 13:10:49 - INFO - Server is running on port: 3030 
23.12.2025, 13:13:26 - INFO - server.js loaded... 
23.12.2025, 13:13:26 - INFO - Server is running on port: 3030 
